2024-07-15 14:41:23,052 [Worker-4: Loading available Gradle versions] INFO  o.e.b.c.i.u.g.PublishedGradleVersions - Gradle version information cache is up-to-date. Trying to read.
2024-07-15 14:41:46,212 [Worker-3: Building] INFO  o.e.m.c.i.l.LifecycleMappingFactory - Using org.eclipse.m2e.jdt.JarLifecycleMapping lifecycle mapping for MavenProject: com.ServiceRegistry:ServiceRegistry:0.0.1-SNAPSHOT @ C:\Users\Sushant.Manjare\Desktop\Project\Backend\actmecsgram\ServiceRegistry\pom.xml.
2024-07-15 14:41:53,433 [Worker-3: Building] INFO  o.a.m.s.f.DefaultMavenResourcesFiltering - Copying 2 resources from src\main\resources to target\classes
2024-07-15 14:41:53,459 [Worker-3: Building] INFO  o.a.m.s.f.DefaultMavenResourcesFiltering - Copying 0 resource from src\main\resources to target\classes
2024-07-15 14:41:53,466 [Worker-3: Building] INFO  o.a.m.s.f.DefaultMavenResourcesFiltering - skip non existing resourceDirectory C:\Users\Sushant.Manjare\Desktop\Project\Backend\actmecsgram\ServiceRegistry\src\test\resources
2024-07-15 14:41:55,433 [Worker-3: Building] INFO  o.a.m.s.f.DefaultMavenResourcesFiltering - Copying 2 resources from src\main\resources to target\classes
2024-07-15 14:41:55,445 [Worker-3: Building] INFO  o.a.m.s.f.DefaultMavenResourcesFiltering - Copying 0 resource from src\main\resources to target\classes
2024-07-15 14:41:55,451 [Worker-3: Building] INFO  o.a.m.s.f.DefaultMavenResourcesFiltering - skip non existing resourceDirectory C:\Users\Sushant.Manjare\Desktop\Project\Backend\actmecsgram\ServiceRegistry\src\test\resources
2024-07-15 14:41:57,837 [Worker-3: Building] INFO  o.e.m.c.i.l.LifecycleMappingFactory - Using org.eclipse.m2e.jdt.JarLifecycleMapping lifecycle mapping for MavenProject: com.atmecsgram.user:user:0.0.1-SNAPSHOT @ C:\Users\Sushant.Manjare\Desktop\Project\Backend\actmecsgram\user\pom.xml.
2024-07-15 14:42:03,078 [Worker-3: Building] INFO  o.a.m.s.f.DefaultMavenResourcesFiltering - Copying 2 resources from src\main\resources to target\classes
2024-07-15 14:42:03,192 [Worker-3: Building] INFO  o.a.m.s.f.DefaultMavenResourcesFiltering - Copying 0 resource from src\main\resources to target\classes
2024-07-15 14:42:03,199 [Worker-3: Building] INFO  o.a.m.s.f.DefaultMavenResourcesFiltering - skip non existing resourceDirectory C:\Users\Sushant.Manjare\Desktop\Project\Backend\actmecsgram\user\src\test\resources
2024-07-15 14:42:10,815 [Worker-3: Updating Maven Dependencies] INFO  o.e.m.c.i.l.LifecycleMappingFactory - Using org.eclipse.m2e.jdt.JarLifecycleMapping lifecycle mapping for MavenProject: com.atmecsgram.user:user:0.0.1-SNAPSHOT @ C:\Users\Sushant.Manjare\Desktop\Project\Backend\actmecsgram\user\pom.xml.
2024-07-15 14:42:10,870 [Worker-7: Building] INFO  o.a.m.s.f.DefaultMavenResourcesFiltering - Copying 2 resources from src\main\resources to target\classes
2024-07-15 14:42:10,898 [Worker-7: Building] INFO  o.a.m.s.f.DefaultMavenResourcesFiltering - Copying 0 resource from src\main\resources to target\classes
2024-07-15 14:42:10,905 [Worker-7: Building] INFO  o.a.m.s.f.DefaultMavenResourcesFiltering - skip non existing resourceDirectory C:\Users\Sushant.Manjare\Desktop\Project\Backend\actmecsgram\user\src\test\resources
2024-07-15 15:04:12,962 [Worker-3: Loading available Gradle versions] INFO  o.e.b.c.i.u.g.PublishedGradleVersions - Gradle version information cache is up-to-date. Trying to read.
2024-08-27 15:46:19,412 [Worker-5: Loading available Gradle versions] INFO  o.e.b.c.i.u.g.PublishedGradleVersions - Gradle version information cache is out-of-date. Trying to update.
2024-08-27 15:47:19,638 [Worker-6: Building] INFO  o.e.m.c.i.l.LifecycleMappingFactory - Using org.eclipse.m2e.jdt.JarLifecycleMapping lifecycle mapping for MavenProject: com.ServiceRegistry:ServiceRegistry:0.0.1-SNAPSHOT @ C:\Users\Sushant.Manjare\Desktop\Project\Backend\actmecsgram\ServiceRegistry\pom.xml.
2024-08-27 15:47:35,977 [Worker-6: Building] INFO  o.a.m.s.f.DefaultMavenResourcesFiltering - Copying 2 resources from src\main\resources to target\classes
2024-08-27 15:47:36,014 [Worker-6: Building] INFO  o.a.m.s.f.DefaultMavenResourcesFiltering - Copying 0 resource from src\main\resources to target\classes
2024-08-27 15:47:36,020 [Worker-6: Building] INFO  o.a.m.s.f.DefaultMavenResourcesFiltering - skip non existing resourceDirectory C:\Users\Sushant.Manjare\Desktop\Project\Backend\actmecsgram\ServiceRegistry\src\test\resources
2024-08-27 15:47:37,669 [Worker-6: Building] INFO  o.e.m.c.i.l.LifecycleMappingFactory - Using org.eclipse.m2e.jdt.JarLifecycleMapping lifecycle mapping for MavenProject: com.atmecsgram.user:user:0.0.1-SNAPSHOT @ C:\Users\Sushant.Manjare\Desktop\Project\Backend\actmecsgram\user\pom.xml.
2024-08-27 15:47:40,319 [Worker-6: Building] INFO  o.a.m.s.f.DefaultMavenResourcesFiltering - Copying 2 resources from src\main\resources to target\classes
2024-08-27 15:47:40,375 [Worker-6: Building] INFO  o.a.m.s.f.DefaultMavenResourcesFiltering - Copying 0 resource from src\main\resources to target\classes
2024-08-27 15:47:40,379 [Worker-6: Building] INFO  o.a.m.s.f.DefaultMavenResourcesFiltering - skip non existing resourceDirectory C:\Users\Sushant.Manjare\Desktop\Project\Backend\actmecsgram\user\src\test\resources
2024-08-27 15:47:43,575 [Worker-0: Updating Maven Dependencies] INFO  o.e.m.c.i.l.LifecycleMappingFactory - Using org.eclipse.m2e.jdt.JarLifecycleMapping lifecycle mapping for MavenProject: com.ServiceRegistry:ServiceRegistry:0.0.1-SNAPSHOT @ C:\Users\Sushant.Manjare\Desktop\Project\Backend\actmecsgram\ServiceRegistry\pom.xml.
2024-08-27 15:47:45,498 [Worker-0: Updating Maven Dependencies] INFO  o.e.m.c.i.l.LifecycleMappingFactory - Using org.eclipse.m2e.jdt.JarLifecycleMapping lifecycle mapping for MavenProject: com.atmecsgram.user:user:0.0.1-SNAPSHOT @ C:\Users\Sushant.Manjare\Desktop\Project\Backend\actmecsgram\user\pom.xml.
